[debug] [2020-04-18T15:10:00.863Z] ----------------------------------------------------------------------
[debug] [2020-04-18T15:10:00.866Z] Command:       C:\Program Files\nodejs\node.exe C:\Users\Keshav\AppData\Roaming\npm\node_modules\firebase-tools\lib\bin\firebase.js serve
[debug] [2020-04-18T15:10:00.866Z] CLI Version:   8.1.1
[debug] [2020-04-18T15:10:00.866Z] Platform:      win32
[debug] [2020-04-18T15:10:00.867Z] Node Version:  v12.5.0
[debug] [2020-04-18T15:10:00.868Z] Time:          Sat Apr 18 2020 20:40:00 GMT+0530 (India Standard Time)
[debug] [2020-04-18T15:10:00.868Z] ----------------------------------------------------------------------
[debug] [2020-04-18T15:10:00.868Z] 
[debug] [2020-04-18T15:10:00.878Z] > command requires scopes: ["email","openid","https://www.googleapis.com/auth/cloudplatformprojects.readonly","https://www.googleapis.com/auth/firebase","https://www.googleapis.com/auth/cloud-platform"]
[debug] [2020-04-18T15:10:00.878Z] > authorizing via signed-in user
[debug] [2020-04-18T15:10:00.878Z] [iam] checking project mothi-paaru for permissions ["firebase.projects.get"]
[debug] [2020-04-18T15:10:00.882Z] >>> HTTP REQUEST POST https://cloudresourcemanager.googleapis.com/v1/projects/mothi-paaru:testIamPermissions  
 {"permissions":["firebase.projects.get"]}
[debug] [2020-04-18T15:10:02.620Z] <<< HTTP RESPONSE 200 {"content-type":"application/json; charset=UTF-8","vary":"X-Origin, Referer, Origin,Accept-Encoding","date":"Sat, 18 Apr 2020 15:10:03 GMT","server":"ESF","cache-control":"private","x-xss-protection":"0","x-frame-options":"SAMEORIGIN","x-content-type-options":"nosniff","server-timing":"gfet4t7; dur=1308","alt-svc":"quic=\":443\"; ma=2592000; v=\"46,43\",h3-Q050=\":443\"; ma=2592000,h3-Q049=\":443\"; ma=2592000,h3-Q048=\":443\"; ma=2592000,h3-Q046=\":443\"; ma=2592000,h3-Q043=\":443\"; ma=2592000,h3-T050=\":443\"; ma=2592000","accept-ranges":"none","transfer-encoding":"chunked"}
[debug] [2020-04-18T15:10:02.626Z] >>> HTTP REQUEST GET https://firebase.googleapis.com/v1beta1/projects/mothi-paaru  
 
[debug] [2020-04-18T15:10:03.214Z] <<< HTTP RESPONSE 200 {"content-type":"application/json; charset=UTF-8","vary":"X-Origin, Referer, Origin,Accept-Encoding","date":"Sat, 18 Apr 2020 15:10:04 GMT","server":"ESF","cache-control":"private","x-xss-protection":"0","x-frame-options":"SAMEORIGIN","x-content-type-options":"nosniff","alt-svc":"quic=\":443\"; ma=2592000; v=\"46,43\",h3-Q050=\":443\"; ma=2592000,h3-Q049=\":443\"; ma=2592000,h3-Q048=\":443\"; ma=2592000,h3-Q046=\":443\"; ma=2592000,h3-Q043=\":443\"; ma=2592000,h3-T050=\":443\"; ma=2592000","accept-ranges":"none","transfer-encoding":"chunked"}
[info] 
[info] === Serving from 'F:\Web_Applications\mothipaaru\mothipaaru'...
[info] 
[debug] [2020-04-18T15:10:03.266Z] >>> HTTP REQUEST GET https://firebase.googleapis.com/v1beta1/projects/mothi-paaru/webApps/-/config  
 
[debug] [2020-04-18T15:10:04.512Z] <<< HTTP RESPONSE 200 {"content-type":"application/json; charset=UTF-8","vary":"X-Origin, Referer, Origin,Accept-Encoding","date":"Sat, 18 Apr 2020 15:10:05 GMT","server":"ESF","cache-control":"private","x-xss-protection":"0","x-frame-options":"SAMEORIGIN","x-content-type-options":"nosniff","alt-svc":"quic=\":443\"; ma=2592000; v=\"46,43\",h3-Q050=\":443\"; ma=2592000,h3-Q049=\":443\"; ma=2592000,h3-Q048=\":443\"; ma=2592000,h3-Q046=\":443\"; ma=2592000,h3-Q043=\":443\"; ma=2592000,h3-T050=\":443\"; ma=2592000","accept-ranges":"none","transfer-encoding":"chunked"}
[info] i  hosting: Serving hosting files from: dist/mothipaaru
[info] +  hosting: Local server: http://localhost:5000
[warn] !  Your requested "node" version "8" doesn't match your global version "12"
[info] +  functions: functions emulator started at http://localhost:5001
[info] i  functions: Watching "F:\Web_Applications\mothipaaru\mothipaaru\functions" for Cloud Functions...
[debug] [2020-04-18T15:10:05.408Z] [worker-pool] addWorker(~diagnostic~) 
[debug] [2020-04-18T15:10:05.409Z] [worker-pool] Adding worker with key ~diagnostic~, total=1 
[debug] [2020-04-18T15:10:05.410Z] [worker-pool] submitWork(triggerId=) 
[debug] [2020-04-18T15:10:05.412Z] [worker-~diagnostic~-1021dbd3-b4a2-482d-9948-323810a99ccd]: Assigning socketPath: \\?\pipe\F:\Web_Applications\mothipaaru\mothipaaru\functions\22500 
[debug] [2020-04-18T15:10:05.413Z] [worker-~diagnostic~-1021dbd3-b4a2-482d-9948-323810a99ccd]: BUSY 
[debug] [2020-04-18T15:10:05.956Z] [runtime-status] [22500] Functions runtime initialized. {"cwd":"F:\\Web_Applications\\mothipaaru\\mothipaaru\\functions","node_version":"12.5.0"} 
[debug] [2020-04-18T15:10:05.957Z] [runtime-status] [22500] Disabled runtime features: undefined 
[debug] [2020-04-18T15:10:05.960Z] [runtime-status] [22500] Resolved module firebase-admin {"declared":true,"installed":true,"version":"8.10.0","resolution":"F:\\Web_Applications\\mothipaaru\\mothipaaru\\functions\\node_modules\\firebase-admin\\lib\\index.js"} 
[debug] [2020-04-18T15:10:05.962Z] [runtime-status] [22500] Resolved module firebase-functions {"declared":true,"installed":true,"version":"3.6.0","resolution":"F:\\Web_Applications\\mothipaaru\\mothipaaru\\functions\\node_modules\\firebase-functions\\lib\\index.js"} 
[debug] [2020-04-18T15:10:05.964Z] [runtime-status] [22500] Outgoing network have been stubbed. [{"name":"http","status":"mocked"},{"name":"http","status":"mocked"},{"name":"https","status":"mocked"},{"name":"https","status":"mocked"},{"name":"net","status":"mocked"}] 
[debug] [2020-04-18T15:10:06.004Z] [runtime-status] [22500] Checked functions.config() {"config":{}} 
[debug] [2020-04-18T15:10:06.005Z] [runtime-status] [22500] Resolved module firebase-functions {"declared":true,"installed":true,"version":"3.6.0","resolution":"F:\\Web_Applications\\mothipaaru\\mothipaaru\\functions\\node_modules\\firebase-functions\\lib\\index.js"} 
[debug] [2020-04-18T15:10:06.006Z] [runtime-status] [22500] Resolved module firebase-admin {"declared":true,"installed":true,"version":"8.10.0","resolution":"F:\\Web_Applications\\mothipaaru\\mothipaaru\\functions\\node_modules\\firebase-admin\\lib\\index.js"} 
[debug] [2020-04-18T15:10:06.006Z] [runtime-status] [22500] Resolved module firebase-functions {"declared":true,"installed":true,"version":"3.6.0","resolution":"F:\\Web_Applications\\mothipaaru\\mothipaaru\\functions\\node_modules\\firebase-functions\\lib\\index.js"} 
[debug] [2020-04-18T15:10:06.007Z] [runtime-status] [22500] firebase-admin has been stubbed. {"adminResolution":{"declared":true,"installed":true,"version":"8.10.0","resolution":"F:\\Web_Applications\\mothipaaru\\mothipaaru\\functions\\node_modules\\firebase-admin\\lib\\index.js"}} 
[warn] !  Error: Cannot find module 'F:\Web_Applications\mothipaaru\mothipaaru\functions\lib\index.js'. Please verify that the package.json has a valid "main" entry
    at tryPackage (internal/modules/cjs/loader.js:228:19)
    at Function.Module._findPath (internal/modules/cjs/loader.js:365:18)
    at Function.Module._resolveFilename (internal/modules/cjs/loader.js:612:27)
    at Function.Module._load (internal/modules/cjs/loader.js:527:27)
    at Module.require (internal/modules/cjs/loader.js:683:19)
    at require (internal/modules/cjs/helpers.js:16:16)
    at C:\Users\Keshav\AppData\Roaming\npm\node_modules\firebase-tools\lib\emulator\functionsEmulatorRuntime.js:661:33
    at Generator.next (<anonymous>)
    at fulfilled (C:\Users\Keshav\AppData\Roaming\npm\node_modules\firebase-tools\lib\emulator\functionsEmulatorRuntime.js:5:58)
    at processTicksAndRejections (internal/process/task_queues.js:82:5)
[warn] !  We were unable to load your functions code. (see above)
   - It appears your code is written in Typescript, which must be compiled before emulation.
   - You may be able to run "npm run build" in your functions directory to resolve this.
[debug] [2020-04-18T15:10:06.036Z] [worker-~diagnostic~-1021dbd3-b4a2-482d-9948-323810a99ccd]: exited 
[debug] [2020-04-18T15:10:06.036Z] [worker-~diagnostic~-1021dbd3-b4a2-482d-9948-323810a99ccd]: FINISHED 
