[debug] [2019-10-07T12:07:31.933Z] ----------------------------------------------------------------------
[debug] [2019-10-07T12:07:31.936Z] Command:       C:\Program Files\nodejs\node.exe C:\Users\Keshav\AppData\Roaming\npm\node_modules\firebase-tools\lib\bin\firebase.js serve
[debug] [2019-10-07T12:07:31.937Z] CLI Version:   7.4.0
[debug] [2019-10-07T12:07:31.937Z] Platform:      win32
[debug] [2019-10-07T12:07:31.937Z] Node Version:  v12.5.0
[debug] [2019-10-07T12:07:31.938Z] Time:          Mon Oct 07 2019 17:37:31 GMT+0530 (India Standard Time)
[debug] [2019-10-07T12:07:31.938Z] ----------------------------------------------------------------------
[debug] 
[debug] [2019-10-07T12:07:31.952Z] > command requires scopes: ["email","openid","https://www.googleapis.com/auth/cloudplatformprojects.readonly","https://www.googleapis.com/auth/firebase","https://www.googleapis.com/auth/cloud-platform"]
[debug] [2019-10-07T12:07:31.953Z] > authorizing via signed-in user
[debug] [2019-10-07T12:07:31.953Z] [iam] checking project mothi-paaru for permissions ["firebase.projects.get"]
[debug] [2019-10-07T12:07:31.956Z] > refreshing access token with scopes: ["email","https://www.googleapis.com/auth/cloud-platform","https://www.googleapis.com/auth/cloudplatformprojects.readonly","https://www.googleapis.com/auth/firebase","openid"]
[debug] [2019-10-07T12:07:31.956Z] >>> HTTP REQUEST POST https://www.googleapis.com/oauth2/v3/token  
 <request body omitted>
[debug] [2019-10-07T12:07:32.394Z] <<< HTTP RESPONSE 200
[debug] [2019-10-07T12:07:32.467Z] >>> HTTP REQUEST POST https://cloudresourcemanager.googleapis.com/v1/projects/mothi-paaru:testIamPermissions  

[debug] [2019-10-07T12:07:34.168Z] <<< HTTP RESPONSE 200
[debug] [2019-10-07T12:07:34.173Z] >>> HTTP REQUEST GET https://firebase.googleapis.com/v1beta1/projects/mothi-paaru  
 
[debug] [2019-10-07T12:07:34.807Z] <<< HTTP RESPONSE 200
[info] 
[info] === Serving from 'F:\Web_Applications\mothipaaru\mothipaaru_clientapp'...
[info] 
[debug] [2019-10-07T12:07:34.867Z] >>> HTTP REQUEST GET https://firebase.googleapis.com/v1beta1/projects/mothi-paaru/webApps/-/config  
 
[debug] [2019-10-07T12:07:35.762Z] <<< HTTP RESPONSE 200
[info] i  hosting: Serving hosting files from: build
[info] +  hosting: Local server: http://localhost:5000
